# ====================================================
# MECHAUTOMATION EVENT HORIZON LOG v5.4.2
# Registro de actividad en el límite del sistema
# Formato: [TIMESTAMP] [EVENT_TYPE] [DIMENSION] [STATUS] [DETAILS]
# ====================================================

# ENCABEZADO DEL SISTEMA
# Sistema: MechBot 2.0 - Quantum Core
# Fecha Inicio: 2248-11-23T08:42:15Z
# Dimensión Base: Prime-7
# Protocolo de Tiempo: NTZ-AtomicSync
# Checksum: 8a4f2e1d9c3b7a6e5f4d3c2b1a0e9d8

[2248-11-23T08:42:16.451Z] SYSTEM_INIT DIM-7 OK "Inicialización del núcleo cuántico completada - Versión 5.4.2"
[2248-11-23T08:42:17.892Z] WORMHOLE_OPEN DIM-7 WARNING "Conexión inestable con DIM-5 - Latencia 450ms"
[2248-11-23T08:42:18.127Z] REALITY_STAB DIM-7 OK "Estabilidad calculada: 0.978 - Umbral: 0.900"
[2248-11-23T08:42:22.340Z] QUANTUM_SYNC DIM-5 OK "Sincronización dimensional completada - Drift: 12ns"
[2248-11-23T08:43:01.005Z] DATA_STREAM DIM-7 CRITICAL "Pérdida de paquetes detectada - 15% paquetes corruptos"
[2248-11-23T08:43:01.007Z] AUTO_RECOVER DIM-7 ACTION "Activando protocolo de recuperación - Intento 1/3"
[2248-11-23T08:43:05.221Z] DATA_STREAM DIM-7 OK "Flujo restablecido - Pérdida: 0% - Latencia: 32ms"
[2248-11-23T08:45:30.117Z] DIM_SHIFT DIM-7->DIM-9 OK "Transición dimensional completada - Duración: 2.45s"
[2248-11-23T08:47:12.889Z] ENTROPY_SPIKE DIM-9 WARNING "Pico de entropía detectado - Nivel: 0.87"
[2248-11-23T08:47:13.001Z] DAMPENERS_ACT DIM-9 ACTION "Amortiguadores activados - Nivel: 7"
[2248-11-23T08:47:15.442Z] ENTROPY_SPIKE DIM-9 OK "Entropía normalizada - Nivel: 0.32"
[2248-11-23T08:49:01.772Z] AI_CORE DIM-9 EVENT "Toma de decisión #88421 - Confianza: 97.8%"
[2248-11-23T08:50:22.126Z] WORMHOLE_OPEN DIM-9->DIM-3 OK "Túnel establecido - Ancho de banda: 45Gbps"
[2248-11-23T08:52:33.445Z] ALIEN_COM DIM-3 ALERT "Patrón de comunicación no identificado detectado"
[2248-11-23T08:52:33.447Z] SECURITY_ACT DIM-3 ACTION "Protocolo Sigma activado - Aislamiento nivel 4"
[2248-11-23T08:52:35.001Z] ANALYSIS DIM-3 INFO "Patrón identificado: Protocolo de negociación Tholian"
[2248-11-23T08:52:35.112Z] SECURITY_MOD DIM-3 ACTION "Cambiando a modo diplomático - Código: XB-12"
[2248-11-23T08:55:47.332Z] SYSTEM_CHECK DIM-3 OK "Chequeo completo del sistema - 542 componentes verificados"
[2248-11-23T08:57:19.876Z] TIME_ANOMALY DIM-3 CRITICAL "Fluctuación temporal detectada - Delta: +3.2s"
[2248-11-23T08:57:19.879Z] CHRONO_LOCK DIM-3 ACTION "Activando estabilizador temporal - Fuerza: 78%"
[2248-11-23T08:57:22.005Z] TIME_ANOMALY DIM-3 OK "Continuum restablecido - Deriva residual: 12ms"
[2248-11-23T09:00:00.001Z] AUTO_SAVE DIM-3 OK "Punto de restauración creado - ID: RP-2248-11-23-0900"
[2248-11-23T09:02:15.447Z] DIM_SHIFT DIM-3->DIM-7 OK "Retorno a dimensión principal - Duración: 1.89s"
[2248-11-23T09:05:22.118Z] AI_CORE DIM-7 EVENT "Toma de decisión #88422 - Confianza: 99.2%"
[2248-11-23T09:07:33.224Z] QUANTUM_LEAK DIM-7 WARNING "Fuga cuántica detectada - Nivel: 0.00045Q"
[2248-11-23T09:07:33.226Z] CONTAINMENT DIM-7 ACTION "Contención automática activada - Sector 7E"
[2248-11-23T09:07:35.771Z] QUANTUM_LEAK DIM-7 OK "Fuga contenida - Nivel residual: 0.00001Q"
[2248-11-23T09:10:00.001Z] SYSTEM_SCAN DIM-7 OK "Escaneo de integridad completado - 0 anomalías"
[2248-11-23T09:12:47.332Z] WORMHOLE_CLOSE DIM-7 INFO "Cierre automático de conexión inactiva - DIM-5"
[2248-11-23T09:15:22.445Z] ENERGY_SPIKE DIM-7 WARNING "Consumo energético inusual - 125% del normal"
[2248-11-23T09:15:22.447Z] POWER_REROUTE DIM-7 ACTION "Redistribuyendo energía - Prioridad: AI Core"
[2248-11-23T09:15:25.001Z] ENERGY_SPIKE DIM-7 OK "Flujo energético normalizado - Consumo: 98%"
[2248-11-23T09:20:00.001Z] AUTO_SAVE DIM-7 OK "Punto de restauración creado - ID: RP-2248-11-23-0920"
[2248-11-23T09:22:33.556Z] COM_LOSS DIM-7 CRITICAL "Pérdida total de comunicación - Subsistema: 4A-7C"
[2248-11-23T09:22:33.558Z] OMEGA_PROTOCOL DIM-7 ACTION "Protocolo Omega iniciado - Nivel 1"
[2248-11-23T09:22:35.112Z] COM_RESTORE DIM-7 OK "Comunicaciones restablecidas - Downtime: 1.56s"
[2248-11-23T09:22:35.115Z] OMEGA_PROTOCOL DIM-7 ACTION "Protocolo Omega cancelado - Código: 1A-7F"
[2248-11-23T09:25:47.332Z] AI_CORE DIM-7 EVENT "Toma de decisión #88423 - Confianza: 89.7%"
[2248-11-23T09:30:00.001Z] SYSTEM_SCAN DIM-7 OK "Escaneo de integridad completado - 0 anomalías"
[2248-11-23T09:35:22.118Z] DIM_SHIFT DIM-7->DIM-11 OK "Transición experimental iniciada - Duración: 3.12s"
[2248-11-23T09:35:25.447Z] REALITY_CHECK DIM-11 WARNING "Inestabilidad dimensional detectada - Nivel: 0.88"
[2248-11-23T09:35:25.449Z] STAB_FIELD DIM-11 ACTION "Campo de estabilización reforzado - 92%"
[2248-11-23T09:35:28.001Z] REALITY_CHECK DIM-11 OK "Estabilidad aceptable alcanzada - Nivel: 0.91"
[2248-11-23T09:40:00.001Z] AUTO_SAVE DIM-11 OK "Punto de restauración creado - ID: RP-2248-11-23-0940"
[2248-11-23T09:42:15.772Z] ANOMALY_SCAN DIM-11 INFO "Escaneo completado - 3 anomalías clase-1 detectadas"
[2248-11-23T09:42:15.774Z] AUTO_REPAIR DIM-11 ACTION "Corrección automática iniciada - Prioridad: baja"
[2248-11-23T09:42:18.332Z] ANOMALY_SCAN DIM-11 OK "Anomalías resueltas - 0 restantes"
[2248-11-23T09:45:33.556Z] DIM_SHIFT DIM-11->DIM-7 OK "Retorno a dimensión principal - Duración: 2.78s"
[2248-11-23T09:50:00.001Z] SYSTEM_SCAN DIM-7 OK "Escaneo de integridad completado - 0 anomalías"
[2248-11-23T09:55:22.118Z] SHUTDOWN_INIT DIM-7 INFO "Secuencia de apagado iniciada - Motivo: Mantenimiento programado"
[2248-11-23T09:55:22.120Z] WORMHOLE_CLOSE ALL ACTION "Cerrando todas las conexiones dimensionales"
[2248-11-23T09:55:25.447Z] CORE_SAFE DIM-7 OK "Núcleo cuántico asegurado - Estado: estable"
[2248-11-23T09:55:28.001Z] SYSTEM_OFF DIM-7 OK "Apagado completado - Tiempo activo: 13.22 minutos"
